TN:
SF:src/app.ts
FNF:0
FNH:0
DA:8,7
DA:9,7
DA:10,7
DA:12,7
DA:13,7
DA:15,7
LF:6
LH:6
BRF:0
BRH:0
end_of_record
TN:
SF:src/database.ts
FNF:0
FNH:0
DA:3,8
DA:4,8
LF:2
LH:2
BRF:0
BRH:0
end_of_record
TN:
SF:src/controllers/recommendationController.ts
FN:6,insert
FN:17,upvote
FN:25,downvote
FN:33,random
FN:39,get
FN:44,getTop
FN:51,getById
FNF:7
FNH:7
FNDA:5,insert
FNDA:3,upvote
FNDA:3,downvote
FNDA:1,random
FNDA:2,get
FNDA:3,getTop
FNDA:6,getById
DA:7,5
DA:8,5
DA:9,3
DA:12,2
DA:14,1
DA:18,3
DA:20,3
DA:22,1
DA:26,3
DA:28,3
DA:30,1
DA:34,1
DA:36,1
DA:40,2
DA:41,2
DA:45,3
DA:47,3
DA:48,2
DA:52,6
DA:54,6
DA:55,3
DA:58,7
LF:22
LH:22
BRDA:8,0,0,3
BRF:1
BRH:1
end_of_record
TN:
SF:src/controllers/testsController.ts
FN:7,reset
FN:13,seed
FNF:2
FNH:0
FNDA:0,reset
FNDA:0,seed
DA:8,0
DA:10,0
DA:14,0
DA:16,0
DA:19,7
LF:5
LH:1
BRF:0
BRH:0
end_of_record
TN:
SF:src/middlewares/errorHandlerMiddleware.ts
FN:8,errorHandlerMiddleware
FNF:1
FNH:1
FNDA:12,errorHandlerMiddleware
DA:14,12
DA:16,12
DA:17,7
DA:20,5
LF:4
LH:4
BRDA:16,0,0,7
BRF:1
BRH:1
end_of_record
TN:
SF:src/repositories/recommendationRepository.ts
FN:5,create
FN:16,findAll
FN:26,getAmountByScore
FN:33,getFindAllFilter
FN:45,find
FN:51,findByName
FN:57,updateScore
FN:66,remove
FNF:8
FNH:7
FNDA:1,create
FNDA:4,findAll
FNDA:3,getAmountByScore
FNDA:4,getFindAllFilter
FNDA:12,find
FNDA:2,findByName
FNDA:2,updateScore
FNDA:0,remove
DA:6,1
DA:17,4
DA:19,4
DA:27,3
DA:36,4
DA:38,1
DA:40,1
DA:46,12
DA:52,2
DA:58,2
DA:67,0
DA:72,8
LF:12
LH:11
BRDA:36,0,0,3
BRF:1
BRH:1
end_of_record
TN:
SF:src/repositories/testsRepository.ts
FN:4,reset
FN:13,seed
FNF:2
FNH:0
FNDA:0,reset
FNDA:0,seed
DA:5,0
DA:8,0
DA:14,0
DA:17,7
LF:4
LH:1
BRF:0
BRH:0
end_of_record
TN:
SF:src/routers/recommendationRouter.ts
FNF:0
FNH:0
DA:4,7
DA:6,7
DA:7,7
DA:8,7
DA:9,7
DA:10,7
DA:11,7
DA:12,7
LF:8
LH:8
BRF:0
BRH:0
end_of_record
TN:
SF:src/routers/testsRouter.ts
FNF:0
FNH:0
DA:6,7
DA:8,7
DA:9,7
DA:10,7
LF:4
LH:4
BRDA:8,0,0,7
BRF:1
BRH:1
end_of_record
TN:
SF:src/schemas/recommendationsSchemas.ts
FNF:0
FNH:0
DA:4,7
DA:6,7
LF:2
LH:2
BRF:0
BRH:0
end_of_record
TN:
SF:src/services/recommendationsService.ts
FN:7,insert
FN:17,upvote
FN:23,downvote
FN:36,getByIdOrFail
FN:43,get
FN:47,getTop
FN:51,getRandom
FN:64,getByScore
FN:77,getScoreFilter
FNF:9
FNH:9
FNDA:4,insert
FNDA:4,upvote
FNDA:5,downvote
FNDA:16,getByIdOrFail
FNDA:3,get
FNDA:4,getTop
FNDA:3,getRandom
FNDA:3,getByScore
FNDA:3,getScoreFilter
DA:8,4
DA:11,4
DA:12,2
DA:14,2
DA:18,4
DA:20,2
DA:24,5
DA:26,3
DA:31,3
DA:32,1
DA:37,16
DA:38,12
DA:40,8
DA:44,3
DA:48,4
DA:52,3
DA:53,3
DA:55,3
DA:56,3
DA:57,1
DA:60,2
DA:61,2
DA:65,3
DA:70,3
DA:71,1
DA:74,2
DA:78,3
DA:79,2
DA:82,1
DA:85,8
LF:30
LH:30
BRDA:11,0,0,2
BRDA:31,1,0,1
BRDA:38,2,0,4
BRDA:56,3,0,1
BRDA:70,4,0,1
BRDA:78,5,0,2
BRF:6
BRH:6
end_of_record
TN:
SF:src/services/testsService.ts
FN:3,reset
FN:7,seed
FNF:2
FNH:0
FNDA:0,reset
FNDA:0,seed
DA:4,0
DA:8,0
DA:11,7
LF:3
LH:1
BRF:0
BRH:0
end_of_record
TN:
SF:src/utils/errorUtils.ts
FN:7,isAppError
FN:11,errorTypeToStatusCode
FN:19,conflictError
FN:23,notFoundError
FN:27,unauthorizedError
FN:31,wrongSchemaError
FNF:6
FNH:5
FNDA:12,isAppError
FNDA:7,errorTypeToStatusCode
FNDA:2,conflictError
FNDA:5,notFoundError
FNDA:0,unauthorizedError
FNDA:3,wrongSchemaError
DA:8,12
DA:12,7
DA:13,6
DA:14,3
DA:15,3
DA:16,0
DA:20,2
DA:24,5
DA:28,0
DA:32,3
LF:10
LH:8
BRDA:12,0,0,1
BRDA:13,1,0,3
BRDA:14,2,0,0
BRDA:15,3,0,3
BRDA:20,4,0,2
BRDA:20,4,1,0
BRDA:20,5,0,2
BRDA:20,5,1,2
BRDA:24,6,0,0
BRDA:24,6,1,5
BRDA:24,7,0,5
BRDA:24,7,1,5
BRDA:28,8,0,0
BRDA:28,8,1,0
BRDA:28,9,0,0
BRDA:28,9,1,0
BRDA:32,10,0,0
BRDA:32,10,1,3
BRDA:32,11,0,3
BRDA:32,11,1,3
BRF:20
BRH:12
end_of_record
TN:
SF:tests/integration/factory/recommendationFactory.ts
FN:4,createRecommendation
FN:12,insertRecommendationInDatabase
FN:21,getRecommendationsFromDatabase
FN:26,getRecommendationsFromAmount
FN:34,getAllRecommendations
FN:39,randomAmount
FNF:6
FNH:5
FNDA:18,createRecommendation
FNDA:7,insertRecommendationInDatabase
FNDA:1,getRecommendationsFromDatabase
FNDA:1,getRecommendationsFromAmount
FNDA:1,getAllRecommendations
FNDA:0,randomAmount
DA:6,18
DA:14,7
DA:18,7
DA:23,1
DA:28,1
DA:36,1
DA:40,0
DA:45,8
LF:8
LH:7
BRF:0
BRH:0
end_of_record
